<?xml version="1.0" encoding="UTF-8"?>
<testng-results ignored="0" total="1" passed="1" failed="0" skipped="0">
  <reporter-output>
  </reporter-output>
  <suite started-at="2024-09-14T23:21:01 IST" name="Default suite" finished-at="2024-09-14T23:21:21 IST" duration-ms="19783">
    <groups>
    </groups>
    <test started-at="2024-09-14T23:21:01 IST" name="Default test" finished-at="2024-09-14T23:21:21 IST" duration-ms="19783">
      <class name="tests.NewTest">
        <test-method signature="executeSessionThree()[pri:0, instance:tests.NewTest@3febb011]" started-at="2024-09-14T23:21:01 IST" name="executeSessionThree" finished-at="2024-09-14T23:21:21 IST" duration-ms="19655" status="PASS">
          <reporter-output>
          </reporter-output>
        </test-method> <!-- executeSessionThree -->
      </class> <!-- tests.NewTest -->
    </test> <!-- Default test -->
  </suite> <!-- Default suite -->
</testng-results>
